0 info it worked if it ends with ok
1 verbose cli [ 'C:\\Program Files\\nodejs\\\\node.exe',
1 verbose cli   'C:\\Program Files\\nodejs\\node_modules\\npm\\bin\\npm-cli.js',
1 verbose cli   'install',
1 verbose cli   'js-xlsx',
1 verbose cli   '--save' ]
2 info using npm@1.4.28
3 info using node@v0.10.36
4 verbose node symlink C:\Program Files\nodejs\\node.exe
5 warn package.json Cotizador_Proyectos_GDV@0.0.1 No repository field.
6 warn package.json Cotizador_Proyectos_GDV@0.0.1 No README data
7 verbose readDependencies using package.json deps
8 verbose cache add [ 'js-xlsx', null ]
9 verbose cache add name=undefined spec="js-xlsx" args=["js-xlsx",null]
10 verbose parsed url { protocol: null,
10 verbose parsed url   slashes: null,
10 verbose parsed url   auth: null,
10 verbose parsed url   host: null,
10 verbose parsed url   port: null,
10 verbose parsed url   hostname: null,
10 verbose parsed url   hash: null,
10 verbose parsed url   search: null,
10 verbose parsed url   query: null,
10 verbose parsed url   pathname: 'js-xlsx',
10 verbose parsed url   path: 'js-xlsx',
10 verbose parsed url   href: 'js-xlsx' }
11 silly lockFile 015aca55-js-xlsx js-xlsx
12 verbose lock js-xlsx C:\Users\Jorge\AppData\Roaming\npm-cache\015aca55-js-xlsx.lock
13 silly lockFile 015aca55-js-xlsx js-xlsx
14 silly lockFile 015aca55-js-xlsx js-xlsx
15 verbose addNamed [ 'js-xlsx', '' ]
16 verbose addNamed [ null, '*' ]
17 silly lockFile d51da68d-js-xlsx js-xlsx@
18 verbose lock js-xlsx@ C:\Users\Jorge\AppData\Roaming\npm-cache\d51da68d-js-xlsx.lock
19 silly addNameRange { name: 'js-xlsx', range: '*', hasData: false }
20 verbose request where is /js-xlsx
21 verbose request registry https://registry.npmjs.org/
22 verbose request id 34b854cb1688220f
23 verbose url raw /js-xlsx
24 verbose url resolving [ 'https://registry.npmjs.org/', './js-xlsx' ]
25 verbose url resolved https://registry.npmjs.org/js-xlsx
26 verbose request where is https://registry.npmjs.org/js-xlsx
27 info trying registry request attempt 1 at 18:14:13
28 http GET https://registry.npmjs.org/js-xlsx
29 http 404 https://registry.npmjs.org/js-xlsx
30 silly registry.get cb [ 404,
30 silly registry.get   { 'content-type': 'application/json',
30 silly registry.get     'cache-control': 'max-age=0',
30 silly registry.get     'content-length': '2',
30 silly registry.get     'accept-ranges': 'bytes',
30 silly registry.get     date: 'Tue, 21 Mar 2017 00:14:12 GMT',
30 silly registry.get     via: '1.1 varnish',
30 silly registry.get     age: '0',
30 silly registry.get     connection: 'keep-alive',
30 silly registry.get     'x-served-by': 'cache-dfw1847-DFW',
30 silly registry.get     'x-cache': 'MISS',
30 silly registry.get     'x-cache-hits': '0',
30 silly registry.get     'x-timer': 'S1490055251.783286,VS0,VE365',
30 silly registry.get     vary: 'Accept-Encoding' } ]
31 silly lockFile d51da68d-js-xlsx js-xlsx@
32 silly lockFile d51da68d-js-xlsx js-xlsx@
33 error 404 Not Found
33 error 404
33 error 404 'js-xlsx' is not in the npm registry.
33 error 404 You should bug the author to publish it
33 error 404 It was specified as a dependency of 'Cotizador_Proyectos_GDV'
33 error 404
33 error 404 Note that you can also install from a
33 error 404 tarball, folder, or http url, or git url.
34 error System Windows_NT 6.2.9200
35 error command "C:\\Program Files\\nodejs\\\\node.exe" "C:\\Program Files\\nodejs\\node_modules\\npm\\bin\\npm-cli.js" "install" "js-xlsx" "--save"
36 error cwd C:\Users\Jorge\OneDrive\Trabajo\Cotizador\CotizadorGDV-Electron
37 error node -v v0.10.36
38 error npm -v 1.4.28
39 error code E404
40 verbose exit [ 1, true ]
